test_segment.test_boundary_detection(0.5, array([[   0.383,    7.332], ... ok
test_segment.test_boundary_detection(3.0, array([[   0.383,    7.332], ... ok
test_segment.test_boundary_detection(0.5, array([[   0.436,  111.316], ... ok
test_segment.test_boundary_detection(3.0, array([[   0.436,  111.316], ... ok
test_segment.test_boundary_detection(0.5, array([[  2.00000000e-01,   7.69860000e+01], ... ok
test_segment.test_boundary_detection(3.0, array([[  2.00000000e-01,   7.69860000e+01], ... ok
test_segment.test_boundary_detection(0.5, array([[  4.10000000e-02,   5.47800000e+00], ... ok
test_segment.test_boundary_detection(3.0, array([[  4.10000000e-02,   5.47800000e+00], ... ok
test_segment.test_boundary_detection(0.5, array([[   0.   ,   34.752], ... ok
test_segment.test_boundary_detection(3.0, array([[   0.   ,   34.752], ... ok
test_segment.test_boundary_detection(0.5, array([[  3.72000000e-01,   2.34900000e+01], ... ok
test_segment.test_boundary_detection(3.0, array([[  3.72000000e-01,   2.34900000e+01], ... ok
test_segment.test_boundary_detection(0.5, array([[   0.384,    3.686], ... ok
test_segment.test_boundary_detection(3.0, array([[   0.384,    3.686], ... ok
test_segment.test_boundary_detection(0.5, array([[   0.488,   34.145], ... ok
test_segment.test_boundary_detection(3.0, array([[   0.488,   34.145], ... ok
test_segment.test_boundary_detection(0.5, array([[  1.39000000e-01,   5.41000000e+00], ... ok
test_segment.test_boundary_detection(3.0, array([[  1.39000000e-01,   5.41000000e+00], ... ok
test_segment.test_boundary_detection(0.5, array([[   0.245,    3.424], ... ok
test_segment.test_boundary_detection(3.0, array([[   0.245,    3.424], ... ok
test_segment.test_boundary_deviation(array([[   0.383,    7.332], ... ok
test_segment.test_boundary_deviation(array([[   0.436,  111.316], ... ok
test_segment.test_boundary_deviation(array([[  2.00000000e-01,   7.69860000e+01], ... ok
test_segment.test_boundary_deviation(array([[  4.10000000e-02,   5.47800000e+00], ... ok
test_segment.test_boundary_deviation(array([[   0.   ,   34.752], ... ok
test_segment.test_boundary_deviation(array([[  3.72000000e-01,   2.34900000e+01], ... ok
test_segment.test_boundary_deviation(array([[   0.384,    3.686], ... ok
test_segment.test_boundary_deviation(array([[   0.488,   34.145], ... ok
test_segment.test_boundary_deviation(array([[  1.39000000e-01,   5.41000000e+00], ... ok
test_segment.test_boundary_deviation(array([[   0.245,    3.424], ... ok
test_segment.test_structure_pairwise(array([[   0.383,    7.332], ... FAIL
test_segment.test_structure_pairwise(array([[   0.436,  111.316], ... ok
test_segment.test_structure_pairwise(array([[  2.00000000e-01,   7.69860000e+01], ... ok
test_segment.test_structure_pairwise(array([[  4.10000000e-02,   5.47800000e+00], ... ok
test_segment.test_structure_pairwise(array([[   0.   ,   34.752], ... FAIL
test_segment.test_structure_pairwise(array([[  3.72000000e-01,   2.34900000e+01], ... ok
test_segment.test_structure_pairwise(array([[   0.384,    3.686], ... ok
test_segment.test_structure_pairwise(array([[   0.488,   34.145], ... ok
test_segment.test_structure_pairwise(array([[  1.39000000e-01,   5.41000000e+00], ... ok
test_segment.test_structure_pairwise(array([[   0.245,    3.424], ... ok
test_segment.test_structure_entropy(array([[   0.383,    7.332], ... ok
test_segment.test_structure_entropy(array([[   0.436,  111.316], ... FAIL
test_segment.test_structure_entropy(array([[  2.00000000e-01,   7.69860000e+01], ... FAIL
test_segment.test_structure_entropy(array([[  4.10000000e-02,   5.47800000e+00], ... FAIL
test_segment.test_structure_entropy(array([[   0.   ,   34.752], ... ok
test_segment.test_structure_entropy(array([[  3.72000000e-01,   2.34900000e+01], ... FAIL
test_segment.test_structure_entropy(array([[   0.384,    3.686], ... FAIL
test_segment.test_structure_entropy(array([[   0.488,   34.145], ... FAIL
test_segment.test_structure_entropy(array([[  1.39000000e-01,   5.41000000e+00], ... FAIL
test_segment.test_structure_entropy(array([[   0.245,    3.424], ... FAIL

======================================================================
FAIL: test_segment.test_structure_pairwise(array([[   0.383,    7.332],
----------------------------------------------------------------------
Traceback (most recent call last):
  File "/usr/lib/python2.7/dist-packages/nose/case.py", line 197, in runTest
    self.test(*self.arg)
  File "/home/bmcfee/git/mir_eval/tests/test_segment.py", line 78, in __test_pairwise
    assert np.allclose(precision,   scores['P_Pair'], atol=A_TOL)
AssertionError: 
-------------------- >> begin captured stdout << ---------------------
0.874427441023 0.48068285132 0.620351388368
0.8644 0.4823 0.6192

--------------------- >> end captured stdout << ----------------------

======================================================================
FAIL: test_segment.test_structure_pairwise(array([[   0.   ,   34.752],
----------------------------------------------------------------------
Traceback (most recent call last):
  File "/usr/lib/python2.7/dist-packages/nose/case.py", line 197, in runTest
    self.test(*self.arg)
  File "/home/bmcfee/git/mir_eval/tests/test_segment.py", line 78, in __test_pairwise
    assert np.allclose(precision,   scores['P_Pair'], atol=A_TOL)
AssertionError: 
-------------------- >> begin captured stdout << ---------------------
0.92595043608 0.352184954768 0.510283675397
0.9009 0.3797 0.5342

--------------------- >> end captured stdout << ----------------------

======================================================================
FAIL: test_segment.test_structure_entropy(array([[   0.436,  111.316],
----------------------------------------------------------------------
Traceback (most recent call last):
  File "/usr/lib/python2.7/dist-packages/nose/case.py", line 197, in runTest
    self.test(*self.arg)
  File "/home/bmcfee/git/mir_eval/tests/test_segment.py", line 100, in __test_entropy
    assert np.allclose(s_over,  scores['S_Over'],   atol=A_TOL)
AssertionError: 
-------------------- >> begin captured stdout << ---------------------
0.712349561569 0.619841783959
0.6933 0.5805

--------------------- >> end captured stdout << ----------------------

======================================================================
FAIL: test_segment.test_structure_entropy(array([[  2.00000000e-01,   7.69860000e+01],
----------------------------------------------------------------------
Traceback (most recent call last):
  File "/usr/lib/python2.7/dist-packages/nose/case.py", line 197, in runTest
    self.test(*self.arg)
  File "/home/bmcfee/git/mir_eval/tests/test_segment.py", line 100, in __test_entropy
    assert np.allclose(s_over,  scores['S_Over'],   atol=A_TOL)
AssertionError: 
-------------------- >> begin captured stdout << ---------------------
0.840693801923 0.436438982011
0.8303 0.4029

--------------------- >> end captured stdout << ----------------------

======================================================================
FAIL: test_segment.test_structure_entropy(array([[  4.10000000e-02,   5.47800000e+00],
----------------------------------------------------------------------
Traceback (most recent call last):
  File "/usr/lib/python2.7/dist-packages/nose/case.py", line 197, in runTest
    self.test(*self.arg)
  File "/home/bmcfee/git/mir_eval/tests/test_segment.py", line 100, in __test_entropy
    assert np.allclose(s_over,  scores['S_Over'],   atol=A_TOL)
AssertionError: 
-------------------- >> begin captured stdout << ---------------------
0.360931834484 0.798924094596
0.3301 0.7676

--------------------- >> end captured stdout << ----------------------

======================================================================
FAIL: test_segment.test_structure_entropy(array([[  3.72000000e-01,   2.34900000e+01],
----------------------------------------------------------------------
Traceback (most recent call last):
  File "/usr/lib/python2.7/dist-packages/nose/case.py", line 197, in runTest
    self.test(*self.arg)
  File "/home/bmcfee/git/mir_eval/tests/test_segment.py", line 101, in __test_entropy
    assert np.allclose(s_under, scores['S_Under'],  atol=A_TOL)
AssertionError: 
-------------------- >> begin captured stdout << ---------------------
0.327654389333 0.901271939041
0.3285 0.8827

--------------------- >> end captured stdout << ----------------------

======================================================================
FAIL: test_segment.test_structure_entropy(array([[   0.384,    3.686],
----------------------------------------------------------------------
Traceback (most recent call last):
  File "/usr/lib/python2.7/dist-packages/nose/case.py", line 197, in runTest
    self.test(*self.arg)
  File "/home/bmcfee/git/mir_eval/tests/test_segment.py", line 101, in __test_entropy
    assert np.allclose(s_under, scores['S_Under'],  atol=A_TOL)
AssertionError: 
-------------------- >> begin captured stdout << ---------------------
0.623881706653 0.856245768212
0.6241 0.8438

--------------------- >> end captured stdout << ----------------------

======================================================================
FAIL: test_segment.test_structure_entropy(array([[   0.488,   34.145],
----------------------------------------------------------------------
Traceback (most recent call last):
  File "/usr/lib/python2.7/dist-packages/nose/case.py", line 197, in runTest
    self.test(*self.arg)
  File "/home/bmcfee/git/mir_eval/tests/test_segment.py", line 101, in __test_entropy
    assert np.allclose(s_under, scores['S_Under'],  atol=A_TOL)
AssertionError: 
-------------------- >> begin captured stdout << ---------------------
0.451205457616 0.432041165896
0.4482 0.3491

--------------------- >> end captured stdout << ----------------------

======================================================================
FAIL: test_segment.test_structure_entropy(array([[  1.39000000e-01,   5.41000000e+00],
----------------------------------------------------------------------
Traceback (most recent call last):
  File "/usr/lib/python2.7/dist-packages/nose/case.py", line 197, in runTest
    self.test(*self.arg)
  File "/home/bmcfee/git/mir_eval/tests/test_segment.py", line 101, in __test_entropy
    assert np.allclose(s_under, scores['S_Under'],  atol=A_TOL)
AssertionError: 
-------------------- >> begin captured stdout << ---------------------
0.608472596614 0.465409095593
0.6091 0.4092

--------------------- >> end captured stdout << ----------------------

======================================================================
FAIL: test_segment.test_structure_entropy(array([[   0.245,    3.424],
----------------------------------------------------------------------
Traceback (most recent call last):
  File "/usr/lib/python2.7/dist-packages/nose/case.py", line 197, in runTest
    self.test(*self.arg)
  File "/home/bmcfee/git/mir_eval/tests/test_segment.py", line 101, in __test_entropy
    assert np.allclose(s_under, scores['S_Under'],  atol=A_TOL)
AssertionError: 
-------------------- >> begin captured stdout << ---------------------
0.354059196928 0.327581712942
0.3517 0.2743

--------------------- >> end captured stdout << ----------------------

----------------------------------------------------------------------
Ran 50 tests in 3.097s

FAILED (failures=10)
